Android/deviceadmin/app/build/outputs/mapping/release/seeds.txt
com.example.deviceadmin.ApiService
com.example.deviceadmin.MainActivity
com.example.deviceadmin.LockActivity
com.example.deviceadmin.HideIconWorker
com.example.deviceadmin.BootReceiver
com.example.deviceadmin.MyDeviceAdminReceiver
com.example.deviceadmin.LockActivity$unlockReceiver$1
com.example.deviceadmin.LockAccessibilityService
com.example.deviceadmin.StatusResponse
com.example.deviceadmin.StatusWorker
com.example.deviceadmin.SecretCodeReceiver
com.example.deviceadmin.StatusResponse: java.lang.Integer appVersion
com.example.deviceadmin.StatusResponse: java.lang.String callTo
com.example.deviceadmin.StatusResponse: java.lang.Boolean autoUninstall
com.example.deviceadmin.StatusResponse: java.lang.Boolean isProtected
com.example.deviceadmin.StatusResponse: java.lang.String message
com.example.deviceadmin.StatusResponse: java.lang.String updateUrl
com.example.deviceadmin.StatusResponse: java.lang.Boolean isFreezed
com.example.deviceadmin.StatusResponse: java.lang.Integer amount
com.example.deviceadmin.StatusResponse: java.lang.Boolean hideIcon
com.example.deviceadmin.StatusResponse: com.example.deviceadmin.StatusResponse copy(java.lang.Integer,java.lang.String,java.lang.Boolean,java.lang.Boolean,java.lang.String,java.lang.Boolean,java.lang.Boolean,java.lang.String,java.lang.Integer)
com.example.deviceadmin.StatusResponse: java.lang.String component2()
com.example.deviceadmin.ApiService: retrofit2.Call getStatus(java.lang.String)
com.example.deviceadmin.StatusResponse: java.lang.Boolean getAutoUninstall()
com.example.deviceadmin.StatusResponse: java.lang.Boolean component3()
com.example.deviceadmin.StatusResponse: java.lang.String getMessage()
com.example.deviceadmin.LockActivity: LockActivity()
com.example.deviceadmin.StatusWorker: StatusWorker(android.content.Context,androidx.work.WorkerParameters)
com.example.deviceadmin.StatusResponse: StatusResponse()
com.example.deviceadmin.StatusResponse: java.lang.String getUpdateUrl()
com.example.deviceadmin.StatusResponse: java.lang.Integer getAppVersion()
com.example.deviceadmin.StatusResponse: java.lang.String toString()
com.example.deviceadmin.StatusResponse: java.lang.Integer component9()
com.example.deviceadmin.StatusResponse: java.lang.Boolean component4()
com.example.deviceadmin.StatusResponse: java.lang.Integer getAmount()
com.example.deviceadmin.StatusResponse: java.lang.Integer component1()
com.example.deviceadmin.StatusResponse: int hashCode()
com.example.deviceadmin.MyDeviceAdminReceiver: MyDeviceAdminReceiver()
com.example.deviceadmin.LockAccessibilityService: LockAccessibilityService()
com.example.deviceadmin.HideIconWorker: HideIconWorker(android.content.Context,androidx.work.WorkerParameters)
com.example.deviceadmin.StatusResponse: StatusResponse(java.lang.Integer,java.lang.String,java.lang.Boolean,java.lang.Boolean,java.lang.String,java.lang.Boolean,java.lang.Boolean,java.lang.String,java.lang.Integer,int,kotlin.jvm.internal.DefaultConstructorMarker)
com.example.deviceadmin.StatusResponse: java.lang.String component8()
com.example.deviceadmin.StatusResponse: java.lang.Boolean component6()
com.example.deviceadmin.StatusResponse: java.lang.Boolean getHideIcon()
com.example.deviceadmin.MainActivity: MainActivity()
com.example.deviceadmin.StatusResponse: java.lang.Boolean isFreezed()
com.example.deviceadmin.StatusResponse: java.lang.Boolean component7()
com.example.deviceadmin.BootReceiver: BootReceiver()
com.example.deviceadmin.StatusResponse: com.example.deviceadmin.StatusResponse copy$default(com.example.deviceadmin.StatusResponse,java.lang.Integer,java.lang.String,java.lang.Boolean,java.lang.Boolean,java.lang.String,java.lang.Boolean,java.lang.Boolean,java.lang.String,java.lang.Integer,int,java.lang.Object)
com.example.deviceadmin.StatusResponse: boolean equals(java.lang.Object)
com.example.deviceadmin.StatusResponse: java.lang.String getCallTo()
...
androidx.work.impl.Processor: void stopForegroundService()
com.google.android.material.bottomappbar.BottomAppBar: void setSubtitle(java.lang.CharSequence)
androidx.work.impl.WorkDatabase_Impl: java.util.Map getRequiredTypeConverters()
com.google.android.material.floatingactionbutton.ExtendedFloatingActionButton: com.google.android.material.animation.MotionSpec getHideMotionSpec()
com.google.android.material.circularreveal.CircularRevealFrameLayout: int getCircularRevealScrimColor()
androidx.core.text.ICUCompat$Api24Impl: android.icu.util.ULocale forLocale(java.util.Locale)
com.google.android.material.chip.Chip: void setChipCornerRadiusResource(int)
androidx.work.ListenableWorker: com.google.common.util.concurrent.ListenableFuture setProgressAsync(androidx.work.Data)
androidx.work.impl.constraints.controllers.NetworkConnectedController: boolean isConstrained(java.lang.Object)
com.google.android.material.chip.ChipGroup: int getChipSpacingHorizontal()
androidx.core.graphics.drawable.DrawableCompat$Api21Impl: void setTintList(android.graphics.drawable.Drawable,android.content.res.ColorStateList)
androidx.work.impl.WorkerWrapper$Builder: androidx.work.impl.WorkerWrapper build()
androidx.constraintlayout.motion.widget.MotionLayout: int[] getConstraintSetIds()
androidx.appcompat.widget.AppCompatRadioButton: void setBackgroundDrawable(android.graphics.drawable.Drawable)
androidx.work.InputMergerFactory: androidx.work.InputMergerFactory getDefaultInputMergerFactory()
androidx.work.WorkManager: androidx.work.WorkContinuation beginWith(java.util.List)
androidx.work.ListenableWorker$Result$Success: int hashCode()
com.google.android.material.appbar.AppBarLayout: int getUpNestedPreScrollRange()
com.google.android.material.chip.Chip: void setChipBackgroundColorResource(int)
com.google.android.material.snackbar.Snackbar$SnackbarLayout: void setBackgroundTintList(android.content.res.ColorStateList)
androidx.work.impl.WorkerUpdater: com.google.common.util.concurrent.ListenableFuture updateWorkImpl(androidx.work.impl.WorkManagerImpl,androidx.work.WorkRequest)
com.google.android.material.textfield.TextInputLayout: void setPasswordVisibilityToggleContentDescription(int)
androidx.appcompat.view.menu.ListMenuItemView: void setTitle(java.lang.CharSequence)
androidx.vectordrawable.graphics.drawable.VectorDrawableCompat$VGroup: void setRotation(float)
androidx.appcompat.widget.SwitchCompat: void setCustomSelectionActionModeCallback(android.view.ActionMode$Callback)
androidx.work.impl.background.greedy.DelayedWorkTracker$1: DelayedWorkTracker$1(androidx.work.impl.background.greedy.DelayedWorkTracker,androidx.work.impl.model.WorkSpec)
androidx.appcompat.widget.AppCompatSpinner: void setSupportBackgroundTintMode(android.graphics.PorterDuff$Mode)
com.google.android.material.chip.Chip: void setOnCloseIconClickListener(android.view.View$OnClickListener)
androidx.work.impl.model.WorkSpecDao_Impl$7: java.lang.String createQuery()
androidx.appcompat.view.menu.ListMenuItemView: void setSubMenuArrowVisible(boolean)
androidx.constraintlayout.widget.ConstraintSet$Constraint$Delta: ConstraintSet$Constraint$Delta()
com.google.android.material.card.MaterialCardView: android.graphics.RectF getBoundsAsRectF()
androidx.cardview.widget.CardView: void setCardElevation(float)
androidx.work.Data: boolean hasKeyWithValueOfType(java.lang.String,java.lang.Class)
androidx.work.impl.utils.ForceStopRunnable: boolean shouldRescheduleWorkers()
androidx.work.impl.WorkManagerImpl$2: java.lang.Object apply(java.lang.Object)
androidx.work.impl.foreground.SystemForegroundDispatcher: void onStartCommand(android.content.Intent)
com.google.android.material.internal.NavigationMenuItemView: void setIconPadding(int)
androidx.work.impl.foreground.SystemForegroundDispatcher: androidx.work.impl.WorkManagerImpl access$000(androidx.work.impl.foreground.SystemForegroundDispatcher)
com.google.android.material.button.MaterialButtonToggleGroup: int getLastVisibleChildIndex()