Android/deviceadmin/app/build/outputs/mapping/release/usage.txt
com.example.deviceadmin.AppIconManager:
    private static final java.lang.String MAIN_ALIAS
    public final boolean isIconHidden(android.content.Context)
    public final boolean isStealthModeActive(android.content.Context)
com.example.deviceadmin.LockAccessibilityService$Companion:
    public final boolean isRunning()
    public final void setRunning(boolean)
com.example.deviceadmin.LockAccessibilityService:
    public static final synthetic boolean access$isRunning$cp()
    public static final synthetic void access$setRunning$cp(boolean)
com.example.deviceadmin.MainActivity:
    private static final int REQUEST_DEVICE_ADMIN
    private static final int REQUEST_OVERLAY_PERMISSION
com.example.deviceadmin.R$color
com.example.deviceadmin.R$drawable:
    public static int checkbox_background
    public static int edit_button_background
    public static int ic_check_circle
    public static int ic_download_folder
    public static int ic_edit
    public static int ic_launcher
    public static int ic_settings
    public static int status_indicator_green
    public static int status_indicator_red
    private void <init>()
com.example.deviceadmin.R$id:
    private void <init>()
com.example.deviceadmin.R$layout:
    private void <init>()
com.example.deviceadmin.R$string
com.example.deviceadmin.R$style
com.example.deviceadmin.R$xml
com.example.deviceadmin.R
com.example.deviceadmin.databinding.ActivityLockBinding:
    public synthetic bridge android.view.View getRoot()
com.example.deviceadmin.databinding.ActivityMainBinding:
    public synthetic bridge android.view.View getRoot()
com.example.deviceadmin.databinding.DialogPinInputBinding
com.example.deviceadmin.AppIconManager
com.example.deviceadmin.LockAccessibilityService$Companion
com.example.deviceadmin.LockAccessibilityService:
    public static final com.example.deviceadmin.LockAccessibilityService$Companion Companion
    public static boolean isRunning
    static void <clinit>()
    public static boolean containsRestrictedText()
    public static boolean isRestrictedSettingsPage()
    public static void launchLockScreen()
com.example.deviceadmin.LockActivity$checkServerStatus$1$1:
    public int label
    public final java.lang.Object invoke(kotlinx.coroutines.CoroutineScope,kotlin.coroutines.Continuation)
com.example.deviceadmin.LockActivity$checkServerStatus$1$2:
    public int label
    public final java.lang.Object invoke(kotlinx.coroutines.CoroutineScope,kotlin.coroutines.Continuation)
com.example.deviceadmin.LockActivity$checkServerStatus$1:
    public final java.lang.Object invoke(kotlinx.coroutines.CoroutineScope,kotlin.coroutines.Continuation)
com.example.deviceadmin.LockActivity:
    public static void giveBreak()
com.example.deviceadmin.MainActivity$Companion
com.example.deviceadmin.MainActivity$performEagerSyncAndCheck$1$1:
    public int label
    public final java.lang.Object invoke(kotlinx.coroutines.CoroutineScope,kotlin.coroutines.Continuation)
com.example.deviceadmin.MainActivity$performEagerSyncAndCheck$1$2:
    public int label
    public final java.lang.Object invoke(kotlinx.coroutines.CoroutineScope,kotlin.coroutines.Continuation)
com.example.deviceadmin.MainActivity$performEagerSyncAndCheck$1$3:
    public int label
    public final java.lang.Object invoke(kotlinx.coroutines.CoroutineScope,kotlin.coroutines.Continuation)
com.example.deviceadmin.MainActivity$performEagerSyncAndCheck$1:
    public final java.lang.Object invoke(kotlinx.coroutines.CoroutineScope,kotlin.coroutines.Continuation)
...
kotlinx.coroutines.flow.FlowKt__DelayKt$debounceInternal$1$3$2
kotlinx.coroutines.flow.FlowKt__DelayKt$debounceInternal$1$values$1$1$emit$1
kotlinx.coroutines.flow.FlowKt__DelayKt$debounceInternal$1$values$1$1
kotlinx.coroutines.flow.FlowKt__DelayKt$debounceInternal$1$values$1
kotlinx.coroutines.flow.FlowKt__DelayKt$debounceInternal$1
kotlinx.coroutines.flow.FlowKt__DelayKt$fixedPeriodTicker$3
kotlinx.coroutines.flow.FlowKt__DelayKt$sample$2$1$1
kotlinx.coroutines.flow.FlowKt__DelayKt$sample$2$1$2
kotlinx.coroutines.flow.FlowKt__DelayKt$sample$2$values$1$1$emit$1
kotlinx.coroutines.flow.FlowKt__DelayKt$sample$2$values$1$1
kotlinx.coroutines.flow.FlowKt__DelayKt$sample$2$values$1
kotlinx.coroutines.flow.FlowKt__DelayKt$sample$2
kotlinx.coroutines.flow.FlowKt__DelayKt
kotlinx.coroutines.flow.FlowKt__DistinctKt$defaultAreEquivalent$1
kotlinx.coroutines.flow.FlowKt__DistinctKt$defaultKeySelector$1
kotlinx.coroutines.flow.FlowKt__DistinctKt
kotlinx.coroutines.flow.FlowKt__EmittersKt$invokeSafely$1
kotlinx.coroutines.flow.FlowKt__EmittersKt$onCompletion$$inlined$unsafeFlow$1$1
kotlinx.coroutines.flow.FlowKt__EmittersKt$onCompletion$$inlined$unsafeFlow$1
kotlinx.coroutines.flow.FlowKt__EmittersKt$onEmpty$$inlined$unsafeFlow$1$1
kotlinx.coroutines.flow.FlowKt__EmittersKt$onEmpty$$inlined$unsafeFlow$1
kotlinx.coroutines.flow.FlowKt__EmittersKt$onEmpty$1$1$emit$1
kotlinx.coroutines.flow.FlowKt__EmittersKt$onEmpty$1$1
kotlinx.coroutines.flow.FlowKt__EmittersKt$onStart$$inlined$unsafeFlow$1$1
kotlinx.coroutines.flow.FlowKt__EmittersKt$onStart$$inlined$unsafeFlow$1
kotlinx.coroutines.flow.FlowKt__EmittersKt$transform$1$1$emit$1
kotlinx.coroutines.flow.FlowKt__EmittersKt$transform$1$1
kotlinx.coroutines.flow.FlowKt__EmittersKt$transform$1
kotlinx.coroutines.flow.FlowKt__EmittersKt$unsafeTransform$$inlined$unsafeFlow$1$1
kotlinx.coroutines.flow.FlowKt__EmittersKt$unsafeTransform$$inlined$unsafeFlow$1
kotlinx.coroutines.flow.FlowKt__EmittersKt$unsafeTransform$1$1$emit$1
kotlinx.coroutines.flow.FlowKt__EmittersKt$unsafeTransform$1$1
kotlinx.coroutines.flow.FlowKt__EmittersKt
kotlinx.coroutines.flow.FlowKt__ErrorsKt$catch$$inlined$unsafeFlow$1$1
kotlinx.coroutines.flow.FlowKt__ErrorsKt$catch$$inlined$unsafeFlow$1
kotlinx.coroutines.flow.FlowKt__ErrorsKt$catchImpl$1
kotlinx.coroutines.flow.FlowKt__ErrorsKt$catchImpl$2$emit$1
kotlinx.coroutines.flow.FlowKt__ErrorsKt$catchImpl$2
kotlinx.coroutines.flow.FlowKt__ErrorsKt$retry$1
kotlinx.coroutines.flow.FlowKt__ErrorsKt$retry$3
kotlinx.coroutines.flow.FlowKt__ErrorsKt$retryWhen$$inlined$unsafeFlow$1$1
kotlinx.coroutines.flow.FlowKt__ErrorsKt$retryWhen$$inlined$unsafeFlow$1
kotlinx.coroutines.flow.FlowKt__ErrorsKt
kotlinx.coroutines.flow.FlowKt__LimitKt$collectWhile$1
kotlinx.coroutines.flow.FlowKt__LimitKt$collectWhile$collector$1$emit$1
kotlinx.coroutines.flow.FlowKt__LimitKt$collectWhile$collector$1
kotlinx.coroutines.flow.FlowKt__LimitKt$drop$$inlined$unsafeFlow$1
kotlinx.coroutines.flow.FlowKt__LimitKt$drop$2$1$emit$1
kotlinx.coroutines.flow.FlowKt__LimitKt$drop$2$1
kotlinx.coroutines.flow.FlowKt__LimitKt$dropWhile$$inlined$unsafeFlow$1
kotlinx.coroutines.flow.FlowKt__LimitKt$dropWhile$1$1$emit$1
kotlinx.coroutines.flow.FlowKt__LimitKt$dropWhile$1$1
kotlinx.coroutines.flow.FlowKt__LimitKt$emitAbort$1
kotlinx.coroutines.flow.FlowKt__LimitKt$take$$inlined$unsafeFlow$1$1
kotlinx.coroutines.flow.FlowKt__LimitKt$take$$inlined$unsafeFlow$1
kotlinx.coroutines.flow.FlowKt__LimitKt$take$2$1$emit$1
kotlinx.coroutines.flow.FlowKt__LimitKt$take$2$1
kotlinx.coroutines.flow.FlowKt__LimitKt$takeWhile$$inlined$unsafeFlow$1$1
kotlinx.coroutines.flow.FlowKt__LimitKt$takeWhile$$inlined$unsafeFlow$1
kotlinx.coroutines.flow.FlowKt__LimitKt$takeWhile$lambda-6$$inlined$collectWhile$1$1
kotlinx.coroutines.flow.FlowKt__LimitKt$takeWhile$lambda-6$$inlined$collectWhile$1
kotlinx.coroutines.flow.FlowKt__LimitKt$transformWhile$1$invokeSuspend$$inlined$collectWhile$1$1